C51 COMPILER V9.59.0.0   BREATH_LED                                                        04/02/2023 21:04:08 PAGE 1   


C51 COMPILER V9.59.0.0, COMPILATION OF MODULE BREATH_LED
OBJECT MODULE PLACED IN .\Objects\breath_led.obj
COMPILER INVOKED BY: C:\Keil_v5\C51\BIN\C51.EXE breath_led.c OPTIMIZE(8,SPEED) BROWSE DEBUG OBJECTEXTEND PRINT(.\Listing
                    -s\breath_led.lst) TABS(2) OBJECT(.\Objects\breath_led.obj)

line level    source

   1          #include "reg52.h"
   2          #define uint unsigned int
   3          #define uchar unsigned char
   4          void  delay(uint ms)
   5          {
   6   1        uint i, j;
   7   1        for (i = ms; i > 0; i--)  //1ms
   8   1          for (j = 114; j > 0; j--);
   9   1      }
  10          
  11          void pwm(uchar n)
  12          {
  13   1        
  14   1        P2 = 0x00;
  15   1        delay(n);
  16   1        P2 = 0xFF;
  17   1        delay(10 - n);
  18   1      }
  19          
  20          void main(void)
  21          {
  22   1        while(1)
  23   1        {
  24   2            uchar i, j;
  25   2        for (i = 0; i <= 10; i++)
  26   2          pwm(i);
  27   2        for (j = 10; j >=0; j--)
  28   2          pwm(j);
  29   2        }
  30   1      }


MODULE INFORMATION:   STATIC OVERLAYABLE
   CODE SIZE        =     99    ----
   CONSTANT SIZE    =   ----    ----
   XDATA SIZE       =   ----    ----
   PDATA SIZE       =   ----    ----
   DATA SIZE        =   ----       2
   IDATA SIZE       =   ----    ----
   BIT SIZE         =   ----    ----
END OF MODULE INFORMATION.


C51 COMPILATION COMPLETE.  0 WARNING(S),  0 ERROR(S)
