C51 COMPILER V9.59.0.0   MAIN                                                              04/25/2023 18:01:08 PAGE 1   


C51 COMPILER V9.59.0.0, COMPILATION OF MODULE MAIN
OBJECT MODULE PLACED IN .\Objects\main.obj
COMPILER INVOKED BY: C:\Keil_v5\C51\BIN\C51.EXE main.c OPTIMIZE(8,SPEED) BROWSE DEBUG OBJECTEXTEND PRINT(.\Listings\main
                    -.lst) TABS(2) OBJECT(.\Objects\main.obj)

line level    source

   1          #include <lcd.h>
   2          
   3          void main()
   4          {
   5   1      //  unsigned char str1[] = "   2021032992   ";
   6   1        unsigned char str2[] = "6 Hou Run Dong  123456";
   7   1      
   8   1      //  LCDShowStr(0, 0, str1);
   9   1      //  LCDWriteCmd(0x06);
  10   1          LCDInit();
  11   1        LCDShowStr(0, 1, str2);
  12   1        LCDWriteCGRAM();
  13   1        while(1);
  14   1      }


MODULE INFORMATION:   STATIC OVERLAYABLE
   CODE SIZE        =     40    ----
   CONSTANT SIZE    =     23    ----
   XDATA SIZE       =   ----    ----
   PDATA SIZE       =   ----    ----
   DATA SIZE        =   ----      23
   IDATA SIZE       =   ----    ----
   BIT SIZE         =   ----    ----
END OF MODULE INFORMATION.


C51 COMPILATION COMPLETE.  0 WARNING(S),  0 ERROR(S)
