C51 COMPILER V9.60.7.0   MAIN                                                              08/28/2023 17:18:40 PAGE 1   


C51 COMPILER V9.60.7.0, COMPILATION OF MODULE MAIN
OBJECT MODULE PLACED IN .\Objects\main.obj
COMPILER INVOKED BY: D:\app_dl_study\keil_v5\C51\BIN\C51.EXE main.c OPTIMIZE(8,SPEED) BROWSE DEBUG OBJECTEXTEND PRINT(.\
                    -Listings\main.lst) OBJECT(.\Objects\main.obj)

line level    source

   1          #include <reg51.h>
   2          #include <intrins.h>
   3          sbit crot1 = P3^0;
   4          sbit crot2 = P3^1;
   5          char i = 0;
   6          char j = 0;
   7          unsigned char tmp1 = ~0x3f; 
   8          unsigned char tmp2 = ~0x3f; 
   9          unsigned char led[] = {0x3f, 0x06, 0x5b, 0x4f, 0x66, 0x6d, 0x7d, 0x07, 0x7f, 0x6f};
  10          
  11          void delay(unsigned int i)
  12          {
  13   1              unsigned int j;
  14   1              for (; i >0; i--)
  15   1              {
  16   2                      for (j = 124; j > 0; j--);
  17   2              }
  18   1      }       
  19          
  20          void main()
  21          {
  22   1              //定时器初始化
  23   1              TMOD &= 0xF0;           //设置定时器模式
  24   1              TMOD |= 0x01;           //设置定时器模式
  25   1              TL0 = 0xD0;             //设置定时初值
  26   1              TH0 = 0x6F;             //设置定时初值
  27   1              TF0 = 0;                //清除TF0标志
  28   1              EA = 1;         //总中断打开
  29   1              ET0 = 1;        //允许T0中断
  30   1              TR0 = 1;        //启动定时器T0
  31   1              
  32   1              // /INT0初始化
  33   1              IT0 = 1;
  34   1              EX0 = 1;
  35   1              // /INT1初始化
  36   1              IT1 = 1;
  37   1              EX1 = 1;
  38   1              
  39   1              EA = 1; //中断总开关
  40   1              while(1)
  41   1              {
  42   2                      P3 = 0xfd;
  43   2                      P2 = tmp2;
  44   2                      delay(15);
  45   2                      P3 = 0xfe;
  46   2                      P2 = tmp1;      
  47   2                      delay(15);
  48   2              };
  49   1      }
  50          
  51          void timer0() interrupt 1
  52          {       
  53   1              TR0 = 0;
  54   1              TL0 = 0xD0;             //设置定时初值
C51 COMPILER V9.60.7.0   MAIN                                                              08/28/2023 17:18:40 PAGE 2   

  55   1              TH0 = 0x5F;             //设置定时初值
  56   1              i++;
  57   1              if(i == 20)     //一秒
  58   1              {
  59   2                      
  60   2                      tmp1 = ~led[(j+1) % 10];
  61   2                      j++;
  62   2                      tmp2 = ~led[j / 10];
  63   2                      if (j == 60)
  64   2                      {
  65   3                               j = 0;
  66   3                      }
  67   2                      i = 0;
  68   2              }
  69   1              TR0 = 1;
  70   1      }
  71          void int0_int() interrupt 0
  72          {
  73   1              TR0 = ~TR0;
  74   1      }
  75          
  76          void int1_int() interrupt 2
  77          {
  78   1              TR0 = 0;                        //关定时器
  79   1              TL0 = 0xD0;             //设置定时初值
  80   1              TH0 = 0x5F;             //设置定时初值
  81   1              TF0 = 0;
  82   1              //显示清零
  83   1              tmp1 = ~0x3f; 
  84   1              tmp2 = ~0x3f;
  85   1              i = 0;
  86   1              j = 0;
  87   1      }


MODULE INFORMATION:   STATIC OVERLAYABLE
   CODE SIZE        =    245    ----
   CONSTANT SIZE    =   ----    ----
   XDATA SIZE       =   ----    ----
   PDATA SIZE       =   ----    ----
   DATA SIZE        =     14    ----
   IDATA SIZE       =   ----    ----
   BIT SIZE         =   ----    ----
END OF MODULE INFORMATION.


C51 COMPILATION COMPLETE.  0 WARNING(S),  0 ERROR(S)
