C51 COMPILER V9.60.7.0   DS1302                                                            10/09/2023 16:22:22 PAGE 1   


C51 COMPILER V9.60.7.0, COMPILATION OF MODULE DS1302
OBJECT MODULE PLACED IN .\Objects\DS1302.obj
COMPILER INVOKED BY: D:\app_dl_study\keil_v5\C51\BIN\C51.EXE Hardware\DS1302.c OPTIMIZE(8,SPEED) BROWSE INCDIR(.\Hardwar
                    -e;.\Main) DEBUG OBJECTEXTEND PRINT(.\Listings\DS1302.lst) OBJECT(.\Objects\DS1302.obj)

line level    source

   1          #include <REGX51.H>
   2          #include <intrins.h>
   3          #include "Sys.h"
   4          
   5          
   6          sbit DS1302_CE   = P1^0;
   7          sbit DS1302_SCLK = P1^1;
   8          sbit DS1302_IO   = P1^2;
   9          
  10          /** --------------------------------------------------------
  11            *
  12            *                           秒       分       时   日    月      周       年
  13            * 写命令地址： 0x80, 0x82, 0x84, 0x86, 0x88, 0x8a, 0x8c 
  14            * 读命令地址： 0x81, 0x83, 0x85, 0x87, 0x89, 0x8b, 0x8d
  15            *     关闭写保护： DS1302_WriteByte(0x8E,0X00);
  16            * 打开写保护： DS1302_WriteByte(0x8E,0X10);
  17          ----------------------------------------------------------- */
  18          
  19          /**
  20            * @brief  DS1302初始化，将使能端口和时钟电平都拉低
  21            * @param  无
  22            * @retval 无
  23            */
  24          void DS1302_Init(void)
  25          {
  26   1              DS1302_CE = 0;
  27   1              DS1302_SCLK = 0;
  28   1      }
  29          /**
  30            * @brief  DS1302写一个字节，此时数据由MCU发出
  31            * @param  Command 命令字/地址
  32            * @param  Data 要写入的数据
  33            * @retval 无
  34            */
  35          void DS1302_WriteByte(uchar Command, uchar Data)
  36          {
  37   1          unsigned char i;
  38   1          DS1302_CE=1;        //使能
  39   1          for(i=0;i<8;i++)
  40   1          {
  41   2              DS1302_IO=Command&(0x01<<i);
  42   2              DS1302_SCLK=1;  //此时产生上升沿
  43   2              DS1302_SCLK=0;  //回退至低电平
  44   2          }
  45   1          for(i=0;i<8;i++)
  46   1          {
  47   2              DS1302_IO=Data&(0x01<<i);
  48   2              DS1302_SCLK=1;
  49   2              DS1302_SCLK=0;
  50   2          }
  51   1          DS1302_CE=0;        //Disable 
  52   1              DS1302_IO=0; 
  53   1      }
  54          
C51 COMPILER V9.60.7.0   DS1302                                                            10/09/2023 16:22:22 PAGE 2   

  55          /**
  56            * @brief  DS1302读一个字节，此时数据由DS1302发出
  57            * @param  Command 命令字/地址
  58            * @param  Data 要读取的数据
  59            * @retval 要读取的一字节数据
  60            */
  61          uchar DS1302_ReadByte(uchar Command)
  62          {
  63   1              uchar i;
  64   1              uchar Data=0x00; //sas
  65   1              Command|=0x01;
  66   1              DS1302_CE = 1;
  67   1              for (i = 0; i < 8; i ++)
  68   1              {
  69   2                      DS1302_IO = Command&(0x01<<i);
  70   2                      DS1302_SCLK=0;  //回退至低电平
  71   2                      DS1302_SCLK=1;  //此时产生上升沿
  72   2              }
  73   1                  for(i=0;i<8;i++)
  74   1          {
  75   2                      DS1302_SCLK=1;
  76   2              DS1302_SCLK=0;  //产生下降沿，输出数据
  77   2                      if(DS1302_IO){Data|=(0x01<<i);}
  78   2          }
  79   1              DS1302_CE=0;
  80   1              DS1302_IO=0; 
  81   1              return Data;
  82   1      }
  83          /**
  84            * @brief  取BCD码的十位
  85            * @param  BCD 要取位的BCD码
  86            * @retval 返回BCD码的十位
  87            */
  88          uchar BCDCode_GetDecade(uchar BCD)
  89          {
  90   1              return (BCD / 16);
  91   1      }
  92          
  93          /**
  94            * @brief  取BCD码的个位
  95            * @param  BCD 要取位的BCD码
  96            * @retval 返回BCD码的个位
  97            */
  98          uchar BCDCode_GetUnit(uchar BCD)
  99          {
 100   1              return (BCD % 16);
 101   1      }


MODULE INFORMATION:   STATIC OVERLAYABLE
   CODE SIZE        =    177    ----
   CONSTANT SIZE    =   ----    ----
   XDATA SIZE       =   ----    ----
   PDATA SIZE       =   ----    ----
   DATA SIZE        =   ----    ----
   IDATA SIZE       =   ----    ----
   BIT SIZE         =   ----    ----
END OF MODULE INFORMATION.


C51 COMPILATION COMPLETE.  0 WARNING(S),  0 ERROR(S)
