C51 COMPILER V9.60.7.0   MAIN                                                              11/09/2023 12:46:18 PAGE 1   


C51 COMPILER V9.60.7.0, COMPILATION OF MODULE MAIN
OBJECT MODULE PLACED IN .\Objects\main.obj
COMPILER INVOKED BY: D:\app_dl_study\keil_v5\C51\BIN\C51.EXE main.c OPTIMIZE(8,SPEED) BROWSE DEBUG OBJECTEXTEND PRINT(.\
                    -Listings\main.lst) OBJECT(.\Objects\main.obj)

line level    source

   1          #include <STC15F2K60S2.H>
   2          #include <intrins.h>
   3          #define SEG(X)  {P0 = X, P2 = (P2 & 0x1F | 0xE0); P2 &= 0x1F;}
   4          #define COM(X)  {P0 = X, P2 = (P2 & 0x1F | 0xC0); P2 &= 0x1F;}  
   5          
   6          void Delay500ms()               //@11.0592MHz
   7          {
   8   1              unsigned char data i, j, k;
   9   1      
  10   1              _nop_();
  11   1              _nop_();
  12   1              i = 22;
  13   1              j = 3;
  14   1              k = 227;
  15   1              do
  16   1              {
  17   2                      do
  18   2                      {
  19   3                              while (--k);
  20   3                      } while (--j);
  21   2              } while (--i);
  22   1      }
  23          
  24          
  25          void main(void)
  26          {
  27   1              while(1)
  28   1              {
  29   2                      SEG(0xC0);
  30   2                      COM(0x01);
  31   2                      Delay500ms();
  32   2                      SEG(0xC0);
  33   2                      COM(0x02);
  34   2                      Delay500ms();
  35   2              }
  36   1              
  37   1      }


MODULE INFORMATION:   STATIC OVERLAYABLE
   CODE SIZE        =     68    ----
   CONSTANT SIZE    =   ----    ----
   XDATA SIZE       =   ----    ----
   PDATA SIZE       =   ----    ----
   DATA SIZE        =   ----    ----
   IDATA SIZE       =   ----    ----
   BIT SIZE         =   ----    ----
END OF MODULE INFORMATION.


C51 COMPILATION COMPLETE.  0 WARNING(S),  0 ERROR(S)
