C51 COMPILER V9.59.0.0   MAIN                                                              05/28/2023 18:02:42 PAGE 1   


C51 COMPILER V9.59.0.0, COMPILATION OF MODULE MAIN
OBJECT MODULE PLACED IN .\Objects\main.obj
COMPILER INVOKED BY: C:\Keil_v5\C51\BIN\C51.EXE main.c OPTIMIZE(8,SPEED) BROWSE DEBUG OBJECTEXTEND PRINT(.\Listings\main
                    -.lst) TABS(2) OBJECT(.\Objects\main.obj)

line level    source

   1          #include<reg51.h>
   2          #include<intrins.h>
   3          
   4          unsigned char code key_code[16]={0x3f,0x06,0x5b,0x4f,0x66,0x6d,0x7d,0x07,0x7f,0x6f,0x77,0x7c,0x39,0x5e,0x7
             -9,0x71};
   5          #define b_addr 21
   6          void send() interrupt 0
   7          {
   8   1        SBUF=2;
   9   1        while(TI==0);
  10   1        TI=0;
  11   1      }
  12          
  13          void play() interrupt 4
  14          {
  15   1        if(T0)
  16   1        {
  17   2        RI=0;
  18   2        if(RB8==1)
  19   2        {
  20   3          if(SBUF==b_addr)
  21   3          {
  22   4            SM2=0;
  23   4          }
  24   3        }
  25   2        else
  26   2        {
  27   3          P1=key_code[SBUF];
  28   3          SM2=1;
  29   3        }
  30   2        }
  31   1      
  32   1      }
  33          void main()
  34          {
  35   1        IT0=1;EX0=1;
  36   1        SCON=0xf0;
  37   1        TMOD=0x20;
  38   1        TH1=TL1=0xfd;//²¨ÌØÂÊ9600
  39   1        TR1=1;
  40   1        ES=1;
  41   1        EA=1;
  42   1        P1=key_code[0];
  43   1        while(1);
  44   1      }


MODULE INFORMATION:   STATIC OVERLAYABLE
   CODE SIZE        =     94    ----
   CONSTANT SIZE    =     16    ----
   XDATA SIZE       =   ----    ----
   PDATA SIZE       =   ----    ----
   DATA SIZE        =   ----    ----
   IDATA SIZE       =   ----    ----
C51 COMPILER V9.59.0.0   MAIN                                                              05/28/2023 18:02:42 PAGE 2   

   BIT SIZE         =   ----    ----
END OF MODULE INFORMATION.


C51 COMPILATION COMPLETE.  0 WARNING(S),  0 ERROR(S)
