C51 COMPILER V9.59.0.0   MAIN                                                              05/28/2023 21:43:37 PAGE 1   


C51 COMPILER V9.59.0.0, COMPILATION OF MODULE MAIN
OBJECT MODULE PLACED IN .\Objects\main.obj
COMPILER INVOKED BY: C:\Keil_v5\C51\BIN\C51.EXE main.c OPTIMIZE(8,SPEED) BROWSE DEBUG OBJECTEXTEND PRINT(.\Listings\main
                    -.lst) TABS(2) OBJECT(.\Objects\main.obj)

line level    source

   1          #include<reg51.h>
   2          #include<intrins.h>
   3          
   4          unsigned char code key_code[16]={0x3f,0x06,0x5b,0x4f,0x66,0x6d,0x7d,0x07,0x7f,0x6f,0x77,0x7c,0x39,0x5e,0x7
             -9,0x71};
   5          #define a_addr 20
   6          void send() interrupt 0
   7          {
   8   1        TB8=0;
   9   1        SBUF=1;
  10   1        while(TI==0);
  11   1        TI=0;
  12   1      }
  13          
  14          void play() interrupt 4
  15          {
  16   1        
  17   1        if(RB8==1)
  18   1        {
  19   2          if(SBUF==a_addr)
  20   2          {
  21   3            SM2=0;
  22   3          }
  23   2        }
  24   1        else
  25   1        {
  26   2          P1=key_code[SBUF];
  27   2          SM2=1;
  28   2        }
  29   1        RI=0;
  30   1      }
  31          void main()
  32          {
  33   1        IT0 = 1; 
  34   1        EX0 = 1;
  35   1        SCON=0xf0;
  36   1        TMOD=0x20;
  37   1        TH1=TL1=0xfd;//²¨ÌØÂÊ9600
  38   1        TR1=1;
  39   1        ES=1;
  40   1        EA=1;
  41   1        P1=key_code[0];
  42   1        while(1);
  43   1      }


MODULE INFORMATION:   STATIC OVERLAYABLE
   CODE SIZE        =     93    ----
   CONSTANT SIZE    =     16    ----
   XDATA SIZE       =   ----    ----
   PDATA SIZE       =   ----    ----
   DATA SIZE        =   ----    ----
   IDATA SIZE       =   ----    ----
   BIT SIZE         =   ----    ----
C51 COMPILER V9.59.0.0   MAIN                                                              05/28/2023 21:43:37 PAGE 2   

END OF MODULE INFORMATION.


C51 COMPILATION COMPLETE.  0 WARNING(S),  0 ERROR(S)
