C51 COMPILER V9.60.7.0   MAIN                                                              10/15/2023 16:48:26 PAGE 1   


C51 COMPILER V9.60.7.0, COMPILATION OF MODULE MAIN
OBJECT MODULE PLACED IN .\Objects\main.obj
COMPILER INVOKED BY: D:\app_dl_study\keil_v5\C51\BIN\C51.EXE main.c OPTIMIZE(8,SPEED) BROWSE DEBUG OBJECTEXTEND PRINT(.\
                    -Listings\main.lst) OBJECT(.\Objects\main.obj)

line level    source

   1          #include <REGX51.H>
   2          #include <intrins.h>
   3          unsigned char m = 0;
   4          unsigned char n = 0;
   5          unsigned char tmp1;
   6          unsigned char tmp2;
   7          void EX0_Init(void);
   8          void EX1_Init(void);
   9          void Delay300ms();
  10          void main()
  11          {
  12   1              EX0_Init();
  13   1              EX1_Init();
  14   1              EA = 1;
  15   1              while(1)
  16   1              {
  17   2                      P2 = 0xff;
  18   2              }
  19   1      }
  20          
  21          //外部中断0初始化
  22          void EX0_Init(void)
  23          {
  24   1      
  25   1              //设置触发方式 外部中断0
  26   1              IT0 = 1; //下降沿触发 随后IE0置1
  27   1              EX0 = 1; // 子开关 IE:中断允许寄存器 
  28   1              PX0 = 0; //中断优先级-低
  29   1      }
  30          //外部中断1初始化
  31          void EX1_Init(void)
  32          {
  33   1      
  34   1              //设置触发方式 外部中断0
  35   1              IT1 = 1;        //下降沿触发 随后IE0置1
  36   1              EX1 = 1;        // 子开关 IE:中断允许寄存器  
  37   1              PX1 = 1;        //中断优先级-高
  38   1      }
  39          
  40          /*
  41          1.中断服务函数一定是一个没有返回值的函数
  42          2.中断服务函数一定是一个没有参数的函数
  43          3.中断服务函数函数名后跟关键字 interrupt
  44          4.interrupt n 0-4       8*n + 0013H = 中断向量入口地址
  45          5.中断服务函数不能被主程序或其他程序所调用
  46          6.n 后跟 sing m(0-3)工作寄存器组
  47          */
  48          void EX0_ISR(void) interrupt 0
  49          {
  50   1              tmp1 = 0x55;
  51   1              for ( m = 0; m < 8; m++)
  52   1              {
  53   2                      tmp1 = _cror_(tmp1, 1);
  54   2                      P2 = tmp1;
C51 COMPILER V9.60.7.0   MAIN                                                              10/15/2023 16:48:26 PAGE 2   

  55   2                      Delay300ms();
  56   2              }
  57   1      }
  58          void EX1_ISR(void) interrupt 2
  59          {
  60   1              tmp2 = 0xfe;
  61   1                      for ( n = 0; n < 8; n++)
  62   1              {
  63   2                      tmp2 = _cror_(tmp2, 1);
  64   2                      P2 = tmp2;
  65   2                      Delay300ms();
  66   2              }
  67   1      }
  68          
  69          void Delay300ms()               //@12.000MHz
  70          {
  71   1              unsigned char i, j, k;
  72   1      
  73   1              _nop_();
  74   1              i = 3;
  75   1              j = 72;
  76   1              k = 161;
  77   1              do
  78   1              {
  79   2                      do
  80   2                      {
  81   3                              while (--k);
  82   3                      } while (--j);
  83   2              } while (--i);
  84   1      }
  85          


MODULE INFORMATION:   STATIC OVERLAYABLE
   CODE SIZE        =    219    ----
   CONSTANT SIZE    =   ----    ----
   XDATA SIZE       =   ----    ----
   PDATA SIZE       =   ----    ----
   DATA SIZE        =      4    ----
   IDATA SIZE       =   ----    ----
   BIT SIZE         =   ----    ----
END OF MODULE INFORMATION.


C51 COMPILATION COMPLETE.  0 WARNING(S),  0 ERROR(S)
