C51 COMPILER V9.60.7.0   DS1302                                                            10/05/2023 16:51:27 PAGE 1   


C51 COMPILER V9.60.7.0, COMPILATION OF MODULE DS1302
OBJECT MODULE PLACED IN .\Objects\DS1302.obj
COMPILER INVOKED BY: D:\app_dl_study\keil_v5\C51\BIN\C51.EXE Hardware\DS1302.c OPTIMIZE(8,SPEED) BROWSE INCDIR(.\Hardwar
                    -e;.\Main) DEBUG OBJECTEXTEND PRINT(.\Listings\DS1302.lst) OBJECT(.\Objects\DS1302.obj)

line level    source

   1          #include <REGX51.H>
   2          #include <intrins.h>
   3          #include "Sys.h"
   4          
   5          
   6          sbit DS1302_CE   = P1^0;
   7          sbit DS1302_SCLK = P1^1;
   8          sbit DS1302_IO   = P1^2;
   9          
  10          
  11          
  12          /** --------------------------------------------------------
  13            *
  14            *                           秒       分       时   日    月      周       年
  15            * 写命令地址： 0x80, 0x82, 0x84, 0x86, 0x88, 0x8a, 0x8c 
  16            * 读命令地址： 0x81, 0x83, 0x85, 0x87, 0x89, 0x8b, 0x8d
  17            *     关闭写保护： DS1302_WriteByte(0x8E,0X00);
  18            * 打开写保护： DS1302_WriteByte(0x8E,0X10);
  19          ----------------------------------------------------------- */
  20          
  21          
  22          
  23          /**
  24            * @brief  DS1302初始化，将使能端口和时钟电平都拉低
  25            * @param  无
  26            * @retval 无
  27            */
  28          void DS1302_Init(void)
  29          {
  30   1              DS1302_CE = 0;
  31   1              DS1302_SCLK = 0;
  32   1      }
  33          /**
  34            * @brief  DS1302写一个字节，此时数据由MCU发出
  35            * @param  Command 命令字/地址
  36            * @param  Data 要写入的数据
  37            * @retval 无
  38            */
  39          void DS1302_WriteByte(uchar Command, uchar Data)
  40          {
  41   1          unsigned char i;
  42   1          DS1302_CE=1;        //使能
  43   1          for(i=0;i<8;i++)
  44   1          {
  45   2              DS1302_IO=Command&(0x01<<i);
  46   2              DS1302_SCLK=1;  //此时产生上升沿
  47   2              DS1302_SCLK=0;  //回退至低电平
  48   2          }
  49   1          for(i=0;i<8;i++)
  50   1          {
  51   2              DS1302_IO=Data&(0x01<<i);
  52   2              DS1302_SCLK=1;
  53   2              DS1302_SCLK=0;
  54   2          }
C51 COMPILER V9.60.7.0   DS1302                                                            10/05/2023 16:51:27 PAGE 2   

  55   1          DS1302_CE=0;        //Disable 
  56   1              DS1302_IO=0; 
  57   1      }
  58          
  59          /**
  60            * @brief  DS1302读一个字节，此时数据由DS1302发出
  61            * @param  Command 命令字/地址
  62            * @param  Data 要读取的数据
  63            * @retval 要读取的一字节数据
  64            */
  65          uchar DS1302_ReadByte(uchar Command)
  66          {
  67   1              uchar i;
  68   1              uchar Data=0x00; //sas
  69   1              Command|=0x01;
  70   1              DS1302_CE = 1;
  71   1              for (i = 0; i < 8; i ++)
  72   1              {
  73   2                      DS1302_IO = Command&(0x01<<i);
  74   2                      DS1302_SCLK=0;  //回退至低电平
  75   2                      DS1302_SCLK=1;  //此时产生上升沿
  76   2              }
  77   1                  for(i=0;i<8;i++)
  78   1          {
  79   2                      DS1302_SCLK=1;
  80   2              DS1302_SCLK=0;  //产生下降沿，输出数据
  81   2                      if(DS1302_IO){Data|=(0x01<<i);}
  82   2          }
  83   1              DS1302_CE=0;
  84   1              DS1302_IO=0; 
  85   1              return Data;
  86   1      }
  87          /**
  88            * @brief  取BCD码的十位
  89            * @param  BCD 要取位的BCD码
  90            * @retval 返回BCD码的十位
  91            */
  92          uchar BCDCode_GetDecade(uchar BCD)
  93          {
  94   1              return (BCD / 16);
  95   1      }
  96          
  97          /**
  98            * @brief  取BCD码的个位
  99            * @param  BCD 要取位的BCD码
 100            * @retval 返回BCD码的个位
 101            */
 102          uchar BCDCode_GetUnit(uchar BCD)
 103          {
 104   1              return (BCD % 16);
 105   1      }


MODULE INFORMATION:   STATIC OVERLAYABLE
   CODE SIZE        =    177    ----
   CONSTANT SIZE    =   ----    ----
   XDATA SIZE       =   ----    ----
   PDATA SIZE       =   ----    ----
   DATA SIZE        =   ----    ----
   IDATA SIZE       =   ----    ----
   BIT SIZE         =   ----    ----
END OF MODULE INFORMATION.

C51 COMPILER V9.60.7.0   DS1302                                                            10/05/2023 16:51:27 PAGE 3   


C51 COMPILATION COMPLETE.  0 WARNING(S),  0 ERROR(S)
