C51 COMPILER V9.60.7.0   MAIN                                                              09/06/2023 14:08:29 PAGE 1   


C51 COMPILER V9.60.7.0, COMPILATION OF MODULE MAIN
OBJECT MODULE PLACED IN .\Objects\main.obj
COMPILER INVOKED BY: D:\app_dl_study\keil_v5\C51\BIN\C51.EXE main.c OPTIMIZE(8,SPEED) BROWSE DEBUG OBJECTEXTEND PRINT(.\
                    -Listings\main.lst) OBJECT(.\Objects\main.obj)

line level    source

   1          #include <REGX51.H>
   2          sbit p10 = P1^0;
   3          sbit p13 = P1^3;
   4          sbit p20 = P2^0;
   5          typedef unsigned int u16;    //typedef定义数据类型
   6           void delay(u16 x)
   7           {
   8   1               u16 i;
   9   1               while(x--)
  10   1               {
  11   2                       for(i = 0; i < 123; i++);
  12   2               }
  13   1       }
  14          void main()                //主函数
  15          {
  16   1              u16 j;
  17   1              unsigned char flow1[4] = {0xe7, 0xdb, 0xbd, 0x7e};      //中->边
  18   1              unsigned char flow2[4] = {0xdb, 0xe7, 0x7e, 0xbd };     //边->中
  19   1               p20 = 0x00;
  20   1              delay(1000);
  21   1              p20 = 0x08;
  22   1              delay(1000);
  23   1                       p20 = 0x00;
  24   1              delay(1000);
  25   1              while(1)
  26   1              {
  27   2                      if (p10 == 1 && p13 == 1)
  28   2                      {
  29   3                      for(j=0;j<8;j++)
  30   3                      {
  31   4                              P2=~(0x01<<j);  //上->下
  32   4                              delay(150);
  33   4                      }
  34   3                      }
  35   2                      else if(p10 == 0 && p13 == 1)
  36   2                      {
  37   3                      for(j=0;j<8;j++)
  38   3                      {
  39   4      
  40   4                              P2=~(0X80>>j);  //下->上
  41   4                              delay(150);
  42   4                      }
  43   3                      }
  44   2                      else if(p10 == 1 && p13 == 0)
  45   2                      {
  46   3                      for(j=0;j<4;j++)
  47   3                      {
  48   4                              P2=flow1[j]; //中->边
  49   4                              delay(150);
  50   4                      }
  51   3                      }
  52   2                      else if(p10 == 0 && p13 == 0)
  53   2                      {
  54   3                      for(j=0;j < 4;j++)
C51 COMPILER V9.60.7.0   MAIN                                                              09/06/2023 14:08:29 PAGE 2   

  55   3                      {
  56   4                              P2=flow2[j];//边->中
  57   4                              delay(150);
  58   4                      }
  59   3                      }
  60   2              }
  61   1      }
  62          


MODULE INFORMATION:   STATIC OVERLAYABLE
   CODE SIZE        =    286    ----
   CONSTANT SIZE    =      8    ----
   XDATA SIZE       =   ----    ----
   PDATA SIZE       =   ----    ----
   DATA SIZE        =   ----      10
   IDATA SIZE       =   ----    ----
   BIT SIZE         =   ----    ----
END OF MODULE INFORMATION.


C51 COMPILATION COMPLETE.  0 WARNING(S),  0 ERROR(S)
