C51 COMPILER V9.59.0.0   MAIN                                                              05/22/2023 11:25:04 PAGE 1   


C51 COMPILER V9.59.0.0, COMPILATION OF MODULE MAIN
OBJECT MODULE PLACED IN .\Objects\main.obj
COMPILER INVOKED BY: C:\Keil_v5\C51\BIN\C51.EXE main.c OPTIMIZE(8,SPEED) BROWSE DEBUG OBJECTEXTEND PRINT(.\Listings\main
                    -.lst) TABS(2) OBJECT(.\Objects\main.obj)

line level    source

   1          #include <REGX51.H>
   2          typedef unsigned char u8;
   3          unsigned char led[] = {0x3f, 0x06, 0x5b, 0x4f, 0x66, 0x6d, 0x7d, 0x07, 0x7f, 0x6f};
   4          u8 i = 0;
   5          void Delay(unsigned int i);
   6          u8 MatrixKey(void);
   7          void Display(u8 num);
   8          
   9          void main()
  10          {
  11   1        u8 ret = 0;
  12   1        u8 m,n, tmp = 99;
  13   1        TMOD &= 0xF0;   //设置定时器模式
  14   1        TMOD |= 0x01;   //设置定时器模式
  15   1        TL0 = 0xD0;   //设置定时初值
  16   1        TH0 = 0x6F;   //设置定时初值
  17   1        TF0 = 0;    //清除TF0标志
  18   1        EA = 1;   //总中断打开
  19   1        ET0 = 1;  //允许T0中断
  20   1        TR0 = 0;
  21   1        while(1)
  22   1        {
  23   2          ret = MatrixKey();
  24   2          if (ret)
  25   2          {
  26   3            
  27   3            tmp = ret;
  28   3            P3_2 = 0;
  29   3            TR0 = 1;
  30   3            m = tmp /10;  //取十位
  31   3            n = tmp % 10; //取个位
  32   3          }
  33   2          if(tmp)
  34   2          {
  35   3            if (tmp == 99)
  36   3            {
  37   4              P0 = 0xfd;    //十位
  38   4              P2 = 0xbf;
  39   4              Delay(15);
  40   4              
  41   4              P0 = 0xfe;  //个位
  42   4              P2 = 0xbf;  
  43   4              Delay(15);
  44   4            }
  45   3          else
  46   3          {
  47   4            P0 = 0xfd;    //十位
  48   4            P2 = ~led[m];
  49   4            Delay(15);
  50   4            
  51   4            P0 = 0xfe;  //个位
  52   4            P2 = ~led[n]; 
  53   4            Delay(15);
  54   4          }
C51 COMPILER V9.59.0.0   MAIN                                                              05/22/2023 11:25:04 PAGE 2   

  55   3          }
  56   2          
  57   2        }
  58   1      }
  59          
  60          
  61          unsigned char MatrixKey()
  62          {
  63   1        unsigned char KeyNumber=0;
  64   1        
  65   1        P1=0xFF;// 1111 1111 全部置高电平默认
  66   1        P1_3=0; // 矩阵按键第一行扫描
  67   1        if(P1_7==0){Delay(15);KeyNumber=1; while(!P1_7);}
  68   1        if(P1_6==0){Delay(15);KeyNumber=5; while(!P1_6);}
  69   1        if(P1_5==0){Delay(15);KeyNumber=9; while(!P1_5);}
  70   1        if(P1_4==0){Delay(15);KeyNumber=13;while(!P1_4);}
  71   1                           
  72   1        P1=0xFF;           
  73   1        P1_2=0; // 矩阵按键3二
  74   1        if(P1_7==0){Delay(15);KeyNumber=2; while(!P1_7);}
  75   1        if(P1_6==0){Delay(15);KeyNumber=6; while(!P1_6);}
  76   1        if(P1_5==0){Delay(15);KeyNumber=10;while(!P1_5);}
  77   1        if(P1_4==0){Delay(15);KeyNumber=14;while(!P1_4);}
  78   1                           
  79   1        P1=0xFF;           
  80   1        P1_1=0; // 矩阵按键3三
  81   1        if(P1_7==0){Delay(15);KeyNumber=3; while(!P1_7);}
  82   1        if(P1_6==0){Delay(15);KeyNumber=7; while(!P1_6);}
  83   1        if(P1_5==0){Delay(15);KeyNumber=11;while(!P1_5);}
  84   1        if(P1_4==0){Delay(15);KeyNumber=15;while(!P1_4);}
  85   1                           
  86   1        P1=0xFF;           
  87   1        P1_0=0; // 矩阵按键3四
  88   1        if(P1_7==0){Delay(15);KeyNumber=4; while(!P1_7);}
  89   1        if(P1_6==0){Delay(15);KeyNumber=8; while(!P1_6);}
  90   1        if(P1_5==0){Delay(15);KeyNumber=12;while(!P1_5);}
  91   1        if(P1_4==0){Delay(15);KeyNumber=16;while(!P1_4);}
  92   1        
  93   1        return KeyNumber;
  94   1      }
  95          
  96          void Delay(unsigned int i)
  97          {
  98   1        unsigned int j;
  99   1        for (; i >0; i--)
 100   1        {
 101   2          for (j = 124; j > 0; j--);
 102   2        }
 103   1      } 
 104          
 105          void timer0() interrupt 1
 106          { 
 107   1        TL0 = 0xD0;   //设置定时初值
 108   1        TH0 = 0x5F;   //设置定时初值
 109   1        i++;
 110   1        if(i == 12) //一秒
 111   1        {
 112   2          P3_2 = 1;
 113   2          i = 0;
 114   2        }
 115   1      }

C51 COMPILER V9.59.0.0   MAIN                                                              05/22/2023 11:25:04 PAGE 3   


MODULE INFORMATION:   STATIC OVERLAYABLE
   CODE SIZE        =    375    ----
   CONSTANT SIZE    =   ----    ----
   XDATA SIZE       =   ----    ----
   PDATA SIZE       =   ----    ----
   DATA SIZE        =     11       4
   IDATA SIZE       =   ----    ----
   BIT SIZE         =   ----    ----
END OF MODULE INFORMATION.


C51 COMPILATION COMPLETE.  0 WARNING(S),  0 ERROR(S)
